2020-08-25 19:01:43,710 [Worker-3: Loading available Gradle versions] INFO  o.e.b.c.i.u.g.PublishedGradleVersions - Gradle version information cache is out-of-date. Trying to update.
2020-08-25 19:07:33,957 [Worker-10: Importing Maven projects] ERROR o.e.m.c.i.p.ProjectConfigurationManager - Project Java_First_Project already exists
2020-08-25 19:07:34,416 [Worker-10: Importing Maven projects] ERROR o.e.m.c.i.p.ProjectConfigurationManager - Project Java_First_Project already exists
2020-08-25 19:07:34,551 [Worker-10: Importing Maven projects] ERROR o.e.m.c.i.p.ProjectConfigurationManager - Project simple-example already exists
2020-08-25 19:07:34,796 [Worker-10: Importing Maven projects] ERROR o.e.m.c.i.p.ProjectConfigurationManager - Project minimal-example already exists
2020-08-25 19:07:34,806 [Worker-10: Importing Maven projects] ERROR o.e.m.c.i.p.ProjectConfigurationManager - Project simple-example already exists
2020-08-25 19:07:34,816 [Worker-10: Importing Maven projects] ERROR o.e.m.c.i.p.ProjectConfigurationManager - Project word-counter already exists
2020-08-25 19:07:34,824 [Worker-10: Importing Maven projects] ERROR o.e.m.c.i.p.ProjectConfigurationManager - Project simple-example already exists
2020-08-25 19:07:49,598 [Worker-10: Importing Maven projects] INFO  o.e.m.c.i.l.LifecycleMappingFactory - Using org.eclipse.m2e.jdt.JarLifecycleMapping lifecycle mapping for MavenProject: training.maven.quick:simple-example:1.0 @ F:\Publicis Sapient\Maven\Project_Maven\maven-course-content\quick\pom.xml.
2020-08-25 19:07:49,654 [Worker-10: Importing Maven projects] INFO  o.e.m.c.i.l.LifecycleMappingFactory - Using NULL lifecycle mapping for MavenProject: clinic.programming.training:webapp-example:1.0-SNAPSHOT @ F:\Publicis Sapient\Maven\Project_Maven\maven-course-content\webapp\webapp-example\pom.xml.
2020-08-25 19:07:49,769 [Worker-10: Importing Maven projects] INFO  o.e.m.c.i.l.LifecycleMappingFactory - Using org.eclipse.m2e.jdt.JarLifecycleMapping lifecycle mapping for MavenProject: clinic.programming.training:core:1.0-SNAPSHOT @ F:\Publicis Sapient\Maven\Project_Maven\maven-course-content\webapp\webapp-example\core\pom.xml.
2020-08-25 19:07:49,796 [Worker-10: Importing Maven projects] INFO  o.e.m.c.i.p.WorkspaceClassifierResolverManager - Resolving P/util: clinic.programming.training:util:1.0-SNAPSHOT with classifier  to /util/target/classes
2020-08-25 19:07:51,250 [Worker-10: Importing Maven projects] INFO  o.e.m.c.i.e.AbstractTransferListenerAdapter - Downloading https://repo.maven.apache.org/maven2/org/apache/maven/plugins/maven-war-plugin/2.3/maven-war-plugin-2.3.jar
2020-08-25 19:07:52,136 [Worker-10: Importing Maven projects] INFO  o.e.m.c.i.e.AbstractTransferListenerAdapter - Downloaded https://repo.maven.apache.org/maven2/org/apache/maven/plugins/maven-war-plugin/2.3/maven-war-plugin-2.3.jar
2020-08-25 19:07:53,187 [Worker-10: Importing Maven projects] INFO  o.e.m.c.i.l.LifecycleMappingFactory - Using org.eclipse.m2e.jdt.JarLifecycleMapping lifecycle mapping for MavenProject: clinic.programming.training:web:1.0-SNAPSHOT @ F:\Publicis Sapient\Maven\Project_Maven\maven-course-content\webapp\webapp-example\web\pom.xml.
2020-08-25 19:07:53,931 [Worker-10: Importing Maven projects] INFO  o.e.m.c.i.e.AbstractTransferListenerAdapter - Downloading https://repo.maven.apache.org/maven2/javax/javaee-web-api/7.0/javaee-web-api-7.0.pom
2020-08-25 19:07:54,929 [Worker-10: Importing Maven projects] INFO  o.e.m.c.i.e.AbstractTransferListenerAdapter - Downloaded https://repo.maven.apache.org/maven2/javax/javaee-web-api/7.0/javaee-web-api-7.0.pom
2020-08-25 19:07:55,234 [Worker-10: Importing Maven projects] INFO  o.e.m.c.i.p.WorkspaceClassifierResolverManager - Resolving P/core: clinic.programming.training:core:1.0-SNAPSHOT with classifier  to /core/target/classes
2020-08-25 19:07:55,234 [Worker-10: Importing Maven projects] INFO  o.e.m.c.i.p.WorkspaceClassifierResolverManager - Resolving P/util: clinic.programming.training:util:1.0-SNAPSHOT with classifier  to /util/target/classes
2020-08-25 19:07:55,403 [Worker-10: Importing Maven projects] INFO  o.e.m.c.i.e.AbstractTransferListenerAdapter - Downloading https://repo.maven.apache.org/maven2/javax/javaee-web-api/7.0/javaee-web-api-7.0.jar
2020-08-25 19:07:56,695 [Worker-10: Importing Maven projects] INFO  o.e.m.c.i.e.AbstractTransferListenerAdapter - Downloaded https://repo.maven.apache.org/maven2/javax/javaee-web-api/7.0/javaee-web-api-7.0.jar
2020-08-25 19:07:57,354 [Worker-10: Importing Maven projects] INFO  o.e.m.c.i.l.LifecycleMappingFactory - Using org.eclipse.m2e.jdt.JarLifecycleMapping lifecycle mapping for MavenProject: training.maven.quick:word-counter:1.0-SNAPSHOT @ F:\Publicis Sapient\Maven\Project_Maven\maven-course-content\words\pom.xml.
2020-08-25 19:07:57,453 [Worker-10: Importing Maven projects] INFO  o.e.m.c.i.l.LifecycleMappingFactory - Using org.eclipse.m2e.jdt.JarLifecycleMapping lifecycle mapping for MavenProject: clinic.programming.training:util:1.0-SNAPSHOT @ F:\Publicis Sapient\Maven\Project_Maven\maven-course-content\webapp\webapp-example\util\pom.xml.
2020-08-25 19:07:57,594 [Worker-10: Importing Maven projects] INFO  o.e.m.c.i.l.LifecycleMappingFactory - Using org.eclipse.m2e.jdt.JarLifecycleMapping lifecycle mapping for MavenProject: com.Sapient.week1:Java_First_Project:1.0-SNAPSHOT @ F:\Publicis Sapient\Java\Assignment\JavaFirstProject\pom.xml.
2020-08-25 19:07:57,944 [Worker-10: Importing Maven projects] INFO  o.e.m.c.i.l.LifecycleMappingFactory - Using org.eclipse.m2e.jdt.JarLifecycleMapping lifecycle mapping for MavenProject: training.maven.quick:minimal-example:1.0 @ F:\Publicis Sapient\Maven\Project\minimal\pom.xml.
2020-08-25 19:07:58,087 [Worker-10: Importing Maven projects] INFO  o.e.m.c.i.l.LifecycleMappingFactory - Using org.eclipse.m2e.jdt.JarLifecycleMapping lifecycle mapping for MavenProject: training.maven.quick:eclipse-demo:0.0.1-SNAPSHOT @ F:\Publicis Sapient\Maven\Eclipse_Project\pom.xml.
2020-08-25 19:07:58,383 [Worker-10: Importing Maven projects] INFO  o.e.m.c.i.l.LifecycleMappingFactory - Using org.eclipse.m2e.jdt.JarLifecycleMapping lifecycle mapping for MavenProject: clinic.programming.training:core:1.0-SNAPSHOT @ F:\Publicis Sapient\Maven\Project_Maven\maven-course-content\webapp\webapp-example\core\pom.xml.
2020-08-25 19:07:58,385 [Worker-10: Importing Maven projects] INFO  o.e.m.c.i.p.WorkspaceClassifierResolverManager - Resolving P/util: clinic.programming.training:util:1.0-SNAPSHOT with classifier  to /util/target/classes
2020-08-25 19:07:58,487 [Worker-10: Importing Maven projects] INFO  o.e.m.c.i.l.LifecycleMappingFactory - Using org.eclipse.m2e.jdt.JarLifecycleMapping lifecycle mapping for MavenProject: clinic.programming.training:web:1.0-SNAPSHOT @ F:\Publicis Sapient\Maven\Project_Maven\maven-course-content\webapp\webapp-example\web\pom.xml.
2020-08-25 19:07:58,490 [Worker-10: Importing Maven projects] INFO  o.e.m.c.i.p.WorkspaceClassifierResolverManager - Resolving P/core: clinic.programming.training:core:1.0-SNAPSHOT with classifier  to /core/target/classes
2020-08-25 19:07:58,491 [Worker-10: Importing Maven projects] INFO  o.e.m.c.i.p.WorkspaceClassifierResolverManager - Resolving P/util: clinic.programming.training:util:1.0-SNAPSHOT with classifier  to /util/target/classes
2020-08-25 19:08:02,409 [Worker-7: Download sources and javadoc] INFO  o.e.m.c.i.p.WorkspaceClassifierResolverManager - Resolving P/core: clinic.programming.training:core:1.0-SNAPSHOT with classifier  to /core/target/classes
2020-08-25 19:08:02,409 [Worker-7: Download sources and javadoc] INFO  o.e.m.c.i.p.WorkspaceClassifierResolverManager - Resolving P/util: clinic.programming.training:util:1.0-SNAPSHOT with classifier  to /util/target/classes
2020-08-25 19:08:02,720 [Worker-10: Importing Maven projects] INFO  o.e.m.j.i.AbstractJavaProjectConfigurator - Adding source folder /eclipse-demo/src/main/java
2020-08-25 19:08:02,720 [Worker-10: Importing Maven projects] INFO  o.e.m.j.i.AbstractJavaProjectConfigurator - Adding resource folder /eclipse-demo/src/main/resources
2020-08-25 19:08:02,721 [Worker-10: Importing Maven projects] INFO  o.e.m.j.i.AbstractJavaProjectConfigurator - Adding source folder /eclipse-demo/src/test/java
2020-08-25 19:08:02,721 [Worker-10: Importing Maven projects] INFO  o.e.m.j.i.AbstractJavaProjectConfigurator - Adding resource folder /eclipse-demo/src/test/resources
2020-08-25 19:08:02,808 [Worker-10: Importing Maven projects] INFO  o.e.m.j.i.AbstractJavaProjectConfigurator - Adding source folder /simple-example/src/main/java
2020-08-25 19:08:02,808 [Worker-10: Importing Maven projects] INFO  o.e.m.j.i.AbstractJavaProjectConfigurator - Adding source folder /simple-example/src/test/java
2020-08-25 19:08:03,013 [Worker-10: Importing Maven projects] INFO  o.e.m.j.i.AbstractJavaProjectConfigurator - Adding source folder /util/src/main/java
2020-08-25 19:08:03,014 [Worker-10: Importing Maven projects] INFO  o.e.m.j.i.AbstractJavaProjectConfigurator - Adding source folder /util/src/test/java
2020-08-25 19:08:03,133 [Worker-7: Download sources and javadoc] INFO  o.e.m.c.i.e.AbstractTransferListenerAdapter - Downloading https://repo.maven.apache.org/maven2/javax/javaee-web-api/7.0/javaee-web-api-7.0-sources.jar
2020-08-25 19:08:03,263 [Worker-10: Importing Maven projects] INFO  o.e.m.j.i.AbstractJavaProjectConfigurator - Adding source folder /core/src/main/java
2020-08-25 19:08:03,264 [Worker-10: Importing Maven projects] INFO  o.e.m.j.i.AbstractJavaProjectConfigurator - Adding source folder /core/src/test/java
2020-08-25 19:08:03,385 [Worker-10: Importing Maven projects] INFO  o.e.m.j.i.AbstractJavaProjectConfigurator - Adding source folder /web/src/main/java
2020-08-25 19:08:03,386 [Worker-10: Importing Maven projects] INFO  o.e.m.j.i.AbstractJavaProjectConfigurator - Adding source folder /web/src/test/java
2020-08-25 19:08:03,567 [Worker-10: Importing Maven projects] INFO  o.e.m.j.i.AbstractJavaProjectConfigurator - Adding source folder /word-counter/src/main/java
2020-08-25 19:08:03,567 [Worker-10: Importing Maven projects] INFO  o.e.m.j.i.AbstractJavaProjectConfigurator - Adding source folder /word-counter/src/test/java
2020-08-25 19:08:03,810 [Worker-10: Importing Maven projects] INFO  o.e.m.j.i.AbstractJavaProjectConfigurator - Adding source folder /Java_First_Project/src/main/java
2020-08-25 19:08:03,811 [Worker-10: Importing Maven projects] INFO  o.e.m.j.i.AbstractJavaProjectConfigurator - Adding source folder /Java_First_Project/src/test/java
2020-08-25 19:08:04,736 [Worker-10: Importing Maven projects] INFO  o.e.m.j.i.AbstractJavaProjectConfigurator - Adding source folder /minimal-example/src/main/java
2020-08-25 19:08:04,736 [Worker-10: Importing Maven projects] INFO  o.e.m.j.i.AbstractJavaProjectConfigurator - Adding source folder /minimal-example/src/test/java
2020-08-25 19:08:04,858 [Worker-10: Importing Maven projects] INFO  o.e.m.c.i.p.ProjectConfigurationManager - Imported and configured 16 project(s) in 31 sec
2020-08-25 19:08:05,611 [Worker-7: Download sources and javadoc] INFO  o.e.m.c.i.e.AbstractTransferListenerAdapter - Downloaded https://repo.maven.apache.org/maven2/javax/javaee-web-api/7.0/javaee-web-api-7.0-sources.jar
2020-08-25 19:08:06,074 [Worker-7: Download sources and javadoc] INFO  o.e.m.j.internal.DownloadSourcesJob - Downloaded sources for javax:javaee-web-api:7.0
2020-08-25 19:08:06,092 [Worker-7: Download sources and javadoc] INFO  o.e.m.j.internal.DownloadSourcesJob - Downloaded sources for javax:javaee-web-api:7.0
2020-08-25 19:08:07,022 [Worker-7: Building] WARN  o.e.m.c.i.embedder.EclipseLogger - Using platform encoding (Cp1252 actually) to copy filtered resources, i.e. build is platform dependent!
2020-08-25 19:08:07,129 [Worker-7: Building] INFO  o.e.m.c.i.embedder.EclipseLogger - skip non existing resourceDirectory F:\Publicis Sapient\Java\Assignment\JavaFirstProject\src\main\resources
2020-08-25 19:08:07,132 [Worker-7: Building] WARN  o.e.m.c.i.embedder.EclipseLogger - Using platform encoding (Cp1252 actually) to copy filtered resources, i.e. build is platform dependent!
2020-08-25 19:08:07,178 [Worker-7: Building] INFO  o.e.m.c.i.embedder.EclipseLogger - skip non existing resourceDirectory F:\Publicis Sapient\Java\Assignment\JavaFirstProject\src\test\resources
2020-08-25 19:08:07,341 [Worker-7: Building] WARN  o.e.m.c.i.embedder.EclipseLogger - Using platform encoding (Cp1252 actually) to copy filtered resources, i.e. build is platform dependent!
2020-08-25 19:08:07,398 [Worker-7: Building] INFO  o.e.m.c.i.embedder.EclipseLogger - Copying 0 resource
2020-08-25 19:08:07,401 [Worker-7: Building] WARN  o.e.m.c.i.embedder.EclipseLogger - Using platform encoding (Cp1252 actually) to copy filtered resources, i.e. build is platform dependent!
2020-08-25 19:08:07,417 [Worker-7: Building] INFO  o.e.m.c.i.embedder.EclipseLogger - Copying 0 resource
2020-08-25 19:08:07,431 [Worker-7: Building] WARN  o.e.m.c.i.embedder.EclipseLogger - Using platform encoding (Cp1252 actually) to copy filtered resources, i.e. build is platform dependent!
2020-08-25 19:08:07,443 [Worker-7: Building] INFO  o.e.m.c.i.embedder.EclipseLogger - skip non existing resourceDirectory F:\Publicis Sapient\Maven\Project\minimal\src\main\resources
2020-08-25 19:08:07,444 [Worker-7: Building] WARN  o.e.m.c.i.embedder.EclipseLogger - Using platform encoding (Cp1252 actually) to copy filtered resources, i.e. build is platform dependent!
2020-08-25 19:08:07,469 [Worker-7: Building] INFO  o.e.m.c.i.embedder.EclipseLogger - skip non existing resourceDirectory F:\Publicis Sapient\Maven\Project\minimal\src\test\resources
2020-08-25 19:08:07,485 [Worker-7: Building] WARN  o.e.m.c.i.embedder.EclipseLogger - Using platform encoding (Cp1252 actually) to copy filtered resources, i.e. build is platform dependent!
2020-08-25 19:08:07,501 [Worker-7: Building] INFO  o.e.m.c.i.embedder.EclipseLogger - skip non existing resourceDirectory F:\Publicis Sapient\Maven\Project_Maven\maven-course-content\quick\src\main\resources
2020-08-25 19:08:07,502 [Worker-7: Building] WARN  o.e.m.c.i.embedder.EclipseLogger - Using platform encoding (Cp1252 actually) to copy filtered resources, i.e. build is platform dependent!
2020-08-25 19:08:07,515 [Worker-7: Building] INFO  o.e.m.c.i.embedder.EclipseLogger - skip non existing resourceDirectory F:\Publicis Sapient\Maven\Project_Maven\maven-course-content\quick\src\test\resources
2020-08-25 19:08:07,630 [Worker-7: Building] WARN  o.e.m.c.i.embedder.EclipseLogger - Using platform encoding (Cp1252 actually) to copy filtered resources, i.e. build is platform dependent!
2020-08-25 19:08:07,640 [Worker-7: Building] INFO  o.e.m.c.i.embedder.EclipseLogger - skip non existing resourceDirectory F:\Publicis Sapient\Maven\Project_Maven\maven-course-content\webapp\webapp-example\util\src\main\resources
2020-08-25 19:08:07,642 [Worker-7: Building] WARN  o.e.m.c.i.embedder.EclipseLogger - Using platform encoding (Cp1252 actually) to copy filtered resources, i.e. build is platform dependent!
2020-08-25 19:08:07,655 [Worker-7: Building] INFO  o.e.m.c.i.embedder.EclipseLogger - skip non existing resourceDirectory F:\Publicis Sapient\Maven\Project_Maven\maven-course-content\webapp\webapp-example\util\src\test\resources
2020-08-25 19:08:07,706 [Worker-7: Building] INFO  o.e.m.c.i.p.WorkspaceClassifierResolverManager - Resolving P/util: clinic.programming.training:util:1.0-SNAPSHOT with classifier  to /util/target/classes
2020-08-25 19:08:07,709 [Worker-7: Building] WARN  o.e.m.c.i.embedder.EclipseLogger - Using platform encoding (Cp1252 actually) to copy filtered resources, i.e. build is platform dependent!
2020-08-25 19:08:07,722 [Worker-7: Building] INFO  o.e.m.c.i.embedder.EclipseLogger - skip non existing resourceDirectory F:\Publicis Sapient\Maven\Project_Maven\maven-course-content\webapp\webapp-example\core\src\main\resources
2020-08-25 19:08:07,723 [Worker-7: Building] WARN  o.e.m.c.i.embedder.EclipseLogger - Using platform encoding (Cp1252 actually) to copy filtered resources, i.e. build is platform dependent!
2020-08-25 19:08:07,735 [Worker-7: Building] INFO  o.e.m.c.i.embedder.EclipseLogger - skip non existing resourceDirectory F:\Publicis Sapient\Maven\Project_Maven\maven-course-content\webapp\webapp-example\core\src\test\resources
2020-08-25 19:08:07,830 [Worker-7: Building] INFO  o.e.m.c.i.p.WorkspaceClassifierResolverManager - Resolving P/core: clinic.programming.training:core:1.0-SNAPSHOT with classifier  to /core/target/classes
2020-08-25 19:08:07,830 [Worker-7: Building] INFO  o.e.m.c.i.p.WorkspaceClassifierResolverManager - Resolving P/util: clinic.programming.training:util:1.0-SNAPSHOT with classifier  to /util/target/classes
2020-08-25 19:08:07,833 [Worker-7: Building] WARN  o.e.m.c.i.embedder.EclipseLogger - Using platform encoding (Cp1252 actually) to copy filtered resources, i.e. build is platform dependent!
2020-08-25 19:08:07,842 [Worker-7: Building] INFO  o.e.m.c.i.embedder.EclipseLogger - skip non existing resourceDirectory F:\Publicis Sapient\Maven\Project_Maven\maven-course-content\webapp\webapp-example\web\src\main\resources
2020-08-25 19:08:07,844 [Worker-7: Building] WARN  o.e.m.c.i.embedder.EclipseLogger - Using platform encoding (Cp1252 actually) to copy filtered resources, i.e. build is platform dependent!
2020-08-25 19:08:07,854 [Worker-7: Building] INFO  o.e.m.c.i.embedder.EclipseLogger - skip non existing resourceDirectory F:\Publicis Sapient\Maven\Project_Maven\maven-course-content\webapp\webapp-example\web\src\test\resources
2020-08-25 19:08:07,870 [Worker-7: Building] WARN  o.e.m.c.i.embedder.EclipseLogger - Using platform encoding (Cp1252 actually) to copy filtered resources, i.e. build is platform dependent!
2020-08-25 19:08:07,878 [Worker-7: Building] INFO  o.e.m.c.i.embedder.EclipseLogger - skip non existing resourceDirectory F:\Publicis Sapient\Maven\Project_Maven\maven-course-content\words\src\main\resources
2020-08-25 19:08:07,880 [Worker-7: Building] WARN  o.e.m.c.i.embedder.EclipseLogger - Using platform encoding (Cp1252 actually) to copy filtered resources, i.e. build is platform dependent!
2020-08-25 19:08:07,886 [Worker-7: Building] INFO  o.e.m.c.i.embedder.EclipseLogger - skip non existing resourceDirectory F:\Publicis Sapient\Maven\Project_Maven\maven-course-content\words\src\test\resources
